This is pdfTeX, Version 3.141592653-2.6-1.40.27 (TeX Live 2026/dev/Arch Linux) (preloaded format=pdflatex 2026.1.24)  16 FEB 2026 05:15
entering extended mode
 restricted \write18 enabled.
 %&-line parsing enabled.
**paper.tex
(./paper.tex
LaTeX2e <2024-11-01> patch level 2
L3 programming layer <2025-01-18>
(./llncs.cls
Document Class: llncs 2024/01/29 v2.24 
 LaTeX document class for Lecture Notes in Computer Science
(/usr/share/texmf-dist/tex/latex/base/article.cls
Document Class: article 2024/06/29 v1.4n Standard LaTeX document class
(/usr/share/texmf-dist/tex/latex/base/size10.clo
File: size10.clo 2024/06/29 v1.4n Standard LaTeX file (size option)
)
\c@part=\count196
\c@section=\count197
\c@subsection=\count198
\c@subsubsection=\count199
\c@paragraph=\count266
\c@subparagraph=\count267
\c@figure=\count268
\c@table=\count269
\abovecaptionskip=\skip49
\belowcaptionskip=\skip50
\bibindent=\dimen141
)
(/usr/share/texmf-dist/tex/latex/tools/multicol.sty
Package: multicol 2024/09/14 v1.9i multicolumn formatting (FMi)
\c@tracingmulticols=\count270
\mult@box=\box52
\multicol@leftmargin=\dimen142
\c@unbalance=\count271
\c@collectmore=\count272
\doublecol@number=\count273
\multicoltolerance=\count274
\multicolpretolerance=\count275
\full@width=\dimen143
\page@free=\dimen144
\premulticols=\dimen145
\postmulticols=\dimen146
\multicolsep=\skip51
\multicolbaselineskip=\skip52
\partial@page=\box53
\last@line=\box54
\mc@boxedresult=\box55
\maxbalancingoverflow=\dimen147
\mult@rightbox=\box56
\mult@grightbox=\box57
\mult@firstbox=\box58
\mult@gfirstbox=\box59
\@tempa=\box60
\@tempa=\box61
\@tempa=\box62
\@tempa=\box63
\@tempa=\box64
\@tempa=\box65
\@tempa=\box66
\@tempa=\box67
\@tempa=\box68
\@tempa=\box69
\@tempa=\box70
\@tempa=\box71
\@tempa=\box72
\@tempa=\box73
\@tempa=\box74
\@tempa=\box75
\@tempa=\box76
\@tempa=\box77
\@tempa=\box78
\@tempa=\box79
\@tempa=\box80
\@tempa=\box81
\@tempa=\box82
\@tempa=\box83
\@tempa=\box84
\@tempa=\box85
\@tempa=\box86
\@tempa=\box87
\@tempa=\box88
\@tempa=\box89
\@tempa=\box90
\@tempa=\box91
\@tempa=\box92
\@tempa=\box93
\@tempa=\box94
\@tempa=\box95
\c@minrows=\count276
\c@columnbadness=\count277
\c@finalcolumnbadness=\count278
\last@try=\dimen148
\multicolovershoot=\dimen149
\multicolundershoot=\dimen150
\mult@nat@firstbox=\box96
\colbreak@box=\box97
\mc@col@check@num=\count279
)
(/usr/share/texmf-dist/tex/latex/oberdiek/aliascnt.sty
Package: aliascnt 2018/09/07 v1.5 Alias counters (HO)
)
\c@chapter=\count280
LaTeX Font Info:    Redeclaring math symbol \Gamma on input line 379.
LaTeX Font Info:    Redeclaring math symbol \Delta on input line 380.
LaTeX Font Info:    Redeclaring math symbol \Theta on input line 381.
LaTeX Font Info:    Redeclaring math symbol \Lambda on input line 382.
LaTeX Font Info:    Redeclaring math symbol \Xi on input line 383.
LaTeX Font Info:    Redeclaring math symbol \Pi on input line 384.
LaTeX Font Info:    Redeclaring math symbol \Sigma on input line 385.
LaTeX Font Info:    Redeclaring math symbol \Upsilon on input line 386.
LaTeX Font Info:    Redeclaring math symbol \Phi on input line 387.
LaTeX Font Info:    Redeclaring math symbol \Psi on input line 388.
LaTeX Font Info:    Redeclaring math symbol \Omega on input line 389.
LaTeX Info: Redefining \vec on input line 394.
\tocchpnum=\dimen151
\tocsecnum=\dimen152
\tocsectotal=\dimen153
\tocsubsecnum=\dimen154
\tocsubsectotal=\dimen155
\tocsubsubsecnum=\dimen156
\tocsubsubsectotal=\dimen157
\tocparanum=\dimen158
\tocparatotal=\dimen159
\tocsubparanum=\dimen160
\@tempcntc=\count281
\fnindent=\dimen161
\c@@inst=\count282
\c@@auth=\count283
\c@auco=\count284
\instindent=\dimen162
\authrun=\box98
\authorrunning=\toks17
\tocauthor=\toks18
\titrun=\box99
\titlerunning=\toks19
\toctitle=\toks20
\c@theorem=\count285
\c@case=\count286
\c@conjecture=\count287
\c@corollary=\count288
\c@definition=\count289
\c@example=\count290
\c@exercise=\count291
\c@lemma=\count292
\c@note=\count293
\c@problem=\count294
\c@property=\count295
\c@proposition=\count296
\c@question=\count297
\c@solution=\count298
\c@remark=\count299
\headlineindent=\dimen163
)
(/usr/share/texmf-dist/tex/latex/base/fontenc.sty
Package: fontenc 2021/04/29 v2.0v Standard LaTeX package
)
(/usr/share/texmf-dist/tex/latex/base/inputenc.sty
Package: inputenc 2024/02/08 v1.3d Input encoding file
\inpenc@prehook=\toks21
\inpenc@posthook=\toks22
)
(/usr/share/texmf-dist/tex/latex/graphics/graphicx.sty
Package: graphicx 2021/09/16 v1.2d Enhanced LaTeX Graphics (DPC,SPQR)

(/usr/share/texmf-dist/tex/latex/graphics/keyval.sty
Package: keyval 2022/05/29 v1.15 key=value parser (DPC)
\KV@toks@=\toks23
)
(/usr/share/texmf-dist/tex/latex/graphics/graphics.sty
Package: graphics 2024/08/06 v1.4g Standard LaTeX Graphics (DPC,SPQR)

(/usr/share/texmf-dist/tex/latex/graphics/trig.sty
Package: trig 2023/12/02 v1.11 sin cos tan (DPC)
)
(/usr/share/texmf-dist/tex/latex/graphics-cfg/graphics.cfg
File: graphics.cfg 2016/06/04 v1.11 sample graphics configuration
)
Package graphics Info: Driver file: pdftex.def on input line 106.

(/usr/share/texmf-dist/tex/latex/graphics-def/pdftex.def
File: pdftex.def 2024/04/13 v1.2c Graphics/color driver for pdftex
))
\Gin@req@height=\dimen164
\Gin@req@width=\dimen165
)
(/usr/share/texmf-dist/tex/latex/amsmath/amsmath.sty
Package: amsmath 2024/11/05 v2.17t AMS math features
\@mathmargin=\skip53

For additional information on amsmath, use the `?' option.
(/usr/share/texmf-dist/tex/latex/amsmath/amstext.sty
Package: amstext 2021/08/26 v2.01 AMS text

(/usr/share/texmf-dist/tex/latex/amsmath/amsgen.sty
File: amsgen.sty 1999/11/30 v2.0 generic functions
\@emptytoks=\toks24
\ex@=\dimen166
))
(/usr/share/texmf-dist/tex/latex/amsmath/amsbsy.sty
Package: amsbsy 1999/11/29 v1.2d Bold Symbols
\pmbraise@=\dimen167
)
(/usr/share/texmf-dist/tex/latex/amsmath/amsopn.sty
Package: amsopn 2022/04/08 v2.04 operator names
)
\inf@bad=\count300
LaTeX Info: Redefining \frac on input line 233.
\uproot@=\count301
\leftroot@=\count302
LaTeX Info: Redefining \overline on input line 398.
LaTeX Info: Redefining \colon on input line 409.
\classnum@=\count303
\DOTSCASE@=\count304
LaTeX Info: Redefining \ldots on input line 495.
LaTeX Info: Redefining \dots on input line 498.
LaTeX Info: Redefining \cdots on input line 619.
\Mathstrutbox@=\box100
\strutbox@=\box101
LaTeX Info: Redefining \big on input line 721.
LaTeX Info: Redefining \Big on input line 722.
LaTeX Info: Redefining \bigg on input line 723.
LaTeX Info: Redefining \Bigg on input line 724.
\big@size=\dimen168
LaTeX Font Info:    Redeclaring font encoding OML on input line 742.
LaTeX Font Info:    Redeclaring font encoding OMS on input line 743.


Package amsmath Warning: Unable to redefine math accent \vec.

\macc@depth=\count305
LaTeX Info: Redefining \bmod on input line 904.
LaTeX Info: Redefining \pmod on input line 909.
LaTeX Info: Redefining \smash on input line 939.
LaTeX Info: Redefining \relbar on input line 969.
LaTeX Info: Redefining \Relbar on input line 970.
\c@MaxMatrixCols=\count306
\dotsspace@=\muskip17
\c@parentequation=\count307
\dspbrk@lvl=\count308
\tag@help=\toks25
\row@=\count309
\column@=\count310
\maxfields@=\count311
\andhelp@=\toks26
\eqnshift@=\dimen169
\alignsep@=\dimen170
\tagshift@=\dimen171
\tagwidth@=\dimen172
\totwidth@=\dimen173
\lineht@=\dimen174
\@envbody=\toks27
\multlinegap=\skip54
\multlinetaggap=\skip55
\mathdisplay@stack=\toks28
LaTeX Info: Redefining \[ on input line 2953.
LaTeX Info: Redefining \] on input line 2954.
) (/usr/share/texmf-dist/tex/latex/amsfonts/amssymb.sty
Package: amssymb 2013/01/14 v3.01 AMS font symbols

(/usr/share/texmf-dist/tex/latex/amsfonts/amsfonts.sty
Package: amsfonts 2013/01/14 v3.01 Basic AMSFonts support
\symAMSa=\mathgroup4
\symAMSb=\mathgroup5
LaTeX Font Info:    Redeclaring math symbol \hbar on input line 98.
LaTeX Font Info:    Overwriting math alphabet `\mathfrak' in version `bold'
(Font)                  U/euf/m/n --> U/euf/b/n on input line 106.
))
(/usr/share/texmf-dist/tex/latex/booktabs/booktabs.sty
Package: booktabs 2020/01/12 v1.61803398 Publication quality tables
\heavyrulewidth=\dimen175
\lightrulewidth=\dimen176
\cmidrulewidth=\dimen177
\belowrulesep=\dimen178
\belowbottomsep=\dimen179
\aboverulesep=\dimen180
\abovetopsep=\dimen181
\cmidrulesep=\dimen182
\cmidrulekern=\dimen183
\defaultaddspace=\dimen184
\@cmidla=\count312
\@cmidlb=\count313
\@aboverulesep=\dimen185
\@belowrulesep=\dimen186
\@thisruleclass=\count314
\@lastruleclass=\count315
\@thisrulewidth=\dimen187
)
(/usr/share/texmf-dist/tex/latex/listings/listings.sty
\lst@mode=\count316
\lst@gtempboxa=\box102
\lst@token=\toks29
\lst@length=\count317
\lst@currlwidth=\dimen188
\lst@column=\count318
\lst@pos=\count319
\lst@lostspace=\dimen189
\lst@width=\dimen190
\lst@newlines=\count320
\lst@lineno=\count321
\lst@maxwidth=\dimen191

(/usr/share/texmf-dist/tex/latex/listings/lstpatch.sty
File: lstpatch.sty 2024/09/23 1.10c (Carsten Heinz)
)
(/usr/share/texmf-dist/tex/latex/listings/lstmisc.sty
File: lstmisc.sty 2024/09/23 1.10c (Carsten Heinz)
\c@lstnumber=\count322
\lst@skipnumbers=\count323
\lst@framebox=\box103
)
(/usr/share/texmf-dist/tex/latex/listings/listings.cfg
File: listings.cfg 2024/09/23 1.10c listings configuration
))
Package: listings 2024/09/23 1.10c (Carsten Heinz)

(/usr/share/texmf-dist/tex/latex/xcolor/xcolor.sty
Package: xcolor 2024/09/29 v3.02 LaTeX color extensions (UK)

(/usr/share/texmf-dist/tex/latex/graphics-cfg/color.cfg
File: color.cfg 2016/01/02 v1.6 sample color configuration
)
Package xcolor Info: Driver file: pdftex.def on input line 274.

(/usr/share/texmf-dist/tex/latex/graphics/mathcolor.ltx)
Package xcolor Info: Model `cmy' substituted by `cmy0' on input line 1349.
Package xcolor Info: Model `hsb' substituted by `rgb' on input line 1353.
Package xcolor Info: Model `RGB' extended on input line 1365.
Package xcolor Info: Model `HTML' substituted by `rgb' on input line 1367.
Package xcolor Info: Model `Hsb' substituted by `hsb' on input line 1368.
Package xcolor Info: Model `tHsb' substituted by `hsb' on input line 1369.
Package xcolor Info: Model `HSB' substituted by `hsb' on input line 1370.
Package xcolor Info: Model `Gray' substituted by `gray' on input line 1371.
Package xcolor Info: Model `wave' substituted by `hsb' on input line 1372.
)
(/usr/share/texmf-dist/tex/latex/hyperref/hyperref.sty
Package: hyperref 2024-11-05 v7.01l Hypertext links for LaTeX

(/usr/share/texmf-dist/tex/generic/iftex/iftex.sty
Package: iftex 2024/12/12 v1.0g TeX engine tests
)
(/usr/share/texmf-dist/tex/latex/kvsetkeys/kvsetkeys.sty
Package: kvsetkeys 2022-10-05 v1.19 Key value parser (HO)
)
(/usr/share/texmf-dist/tex/generic/kvdefinekeys/kvdefinekeys.sty
Package: kvdefinekeys 2019-12-19 v1.6 Define keys (HO)
)
(/usr/share/texmf-dist/tex/generic/pdfescape/pdfescape.sty
Package: pdfescape 2019/12/09 v1.15 Implements pdfTeX's escape features (HO)

(/usr/share/texmf-dist/tex/generic/ltxcmds/ltxcmds.sty
Package: ltxcmds 2023-12-04 v1.26 LaTeX kernel commands for general use (HO)
)
(/usr/share/texmf-dist/tex/generic/pdftexcmds/pdftexcmds.sty
Package: pdftexcmds 2020-06-27 v0.33 Utility functions of pdfTeX for LuaTeX (HO
)

(/usr/share/texmf-dist/tex/generic/infwarerr/infwarerr.sty
Package: infwarerr 2019/12/03 v1.5 Providing info/warning/error messages (HO)
)
Package pdftexcmds Info: \pdf@primitive is available.
Package pdftexcmds Info: \pdf@ifprimitive is available.
Package pdftexcmds Info: \pdfdraftmode found.
))
(/usr/share/texmf-dist/tex/latex/hycolor/hycolor.sty
Package: hycolor 2020-01-27 v1.10 Color options for hyperref/bookmark (HO)
)
(/usr/share/texmf-dist/tex/latex/hyperref/nameref.sty
Package: nameref 2023-11-26 v2.56 Cross-referencing by name of section

(/usr/share/texmf-dist/tex/latex/refcount/refcount.sty
Package: refcount 2019/12/15 v3.6 Data extraction from label references (HO)
)
(/usr/share/texmf-dist/tex/generic/gettitlestring/gettitlestring.sty
Package: gettitlestring 2019/12/15 v1.6 Cleanup title references (HO)

(/usr/share/texmf-dist/tex/latex/kvoptions/kvoptions.sty
Package: kvoptions 2022-06-15 v3.15 Key value format for package options (HO)
))
\c@section@level=\count324
)
(/usr/share/texmf-dist/tex/latex/etoolbox/etoolbox.sty
Package: etoolbox 2025/02/11 v2.5l e-TeX tools for LaTeX (JAW)
\etb@tempcnta=\count325
)
(/usr/share/texmf-dist/tex/generic/stringenc/stringenc.sty
Package: stringenc 2019/11/29 v1.12 Convert strings between diff. encodings (HO
)
)
\@linkdim=\dimen192
\Hy@linkcounter=\count326
\Hy@pagecounter=\count327

(/usr/share/texmf-dist/tex/latex/hyperref/pd1enc.def
File: pd1enc.def 2024-11-05 v7.01l Hyperref: PDFDocEncoding definition (HO)
Now handling font encoding PD1 ...
... no UTF-8 mapping file for font encoding PD1
)
(/usr/share/texmf-dist/tex/generic/intcalc/intcalc.sty
Package: intcalc 2019/12/15 v1.3 Expandable calculations with integers (HO)
)
\Hy@SavedSpaceFactor=\count328

(/usr/share/texmf-dist/tex/latex/hyperref/puenc.def
File: puenc.def 2024-11-05 v7.01l Hyperref: PDF Unicode definition (HO)
Now handling font encoding PU ...
... no UTF-8 mapping file for font encoding PU
)
Package hyperref Info: Hyper figures OFF on input line 4157.
Package hyperref Info: Link nesting OFF on input line 4162.
Package hyperref Info: Hyper index ON on input line 4165.
Package hyperref Info: Plain pages OFF on input line 4172.
Package hyperref Info: Backreferencing OFF on input line 4177.
Package hyperref Info: Implicit mode ON; LaTeX internals redefined.
Package hyperref Info: Bookmarks ON on input line 4424.
\c@Hy@tempcnt=\count329

(/usr/share/texmf-dist/tex/latex/url/url.sty
\Urlmuskip=\muskip18
Package: url 2013/09/16  ver 3.4  Verb mode for urls, etc.
)
LaTeX Info: Redefining \url on input line 4763.
\XeTeXLinkMargin=\dimen193

(/usr/share/texmf-dist/tex/generic/bitset/bitset.sty
Package: bitset 2019/12/09 v1.3 Handle bit-vector datatype (HO)

(/usr/share/texmf-dist/tex/generic/bigintcalc/bigintcalc.sty
Package: bigintcalc 2019/12/15 v1.5 Expandable calculations on big integers (HO
)
))
\Fld@menulength=\count330
\Field@Width=\dimen194
\Fld@charsize=\dimen195
Package hyperref Info: Hyper figures OFF on input line 6042.
Package hyperref Info: Link nesting OFF on input line 6047.
Package hyperref Info: Hyper index ON on input line 6050.
Package hyperref Info: backreferencing OFF on input line 6057.
Package hyperref Info: Link coloring OFF on input line 6062.
Package hyperref Info: Link coloring with OCG OFF on input line 6067.
Package hyperref Info: PDF/A mode OFF on input line 6072.

(/usr/share/texmf-dist/tex/latex/base/atbegshi-ltx.sty
Package: atbegshi-ltx 2021/01/10 v1.0c Emulation of the original atbegshi
package with kernel methods
)
\Hy@abspage=\count331
\c@Item=\count332
\c@Hfootnote=\count333
)
Package hyperref Info: Driver (autodetected): hpdftex.

(/usr/share/texmf-dist/tex/latex/hyperref/hpdftex.def
File: hpdftex.def 2024-11-05 v7.01l Hyperref driver for pdfTeX

(/usr/share/texmf-dist/tex/latex/base/atveryend-ltx.sty
Package: atveryend-ltx 2020/08/19 v1.0a Emulation of the original atveryend pac
kage
with kernel methods
)
\Fld@listcount=\count334
\c@bookmark@seq@number=\count335

(/usr/share/texmf-dist/tex/latex/rerunfilecheck/rerunfilecheck.sty
Package: rerunfilecheck 2022-07-10 v1.10 Rerun checks for auxiliary files (HO)

(/usr/share/texmf-dist/tex/generic/uniquecounter/uniquecounter.sty
Package: uniquecounter 2019/12/15 v1.4 Provide unlimited unique counter (HO)
)
Package uniquecounter Info: New unique counter `rerunfilecheck' on input line 2
85.
)
\Hy@SectionHShift=\skip56
)
(/usr/share/texmf-dist/tex/latex/multirow/multirow.sty
Package: multirow 2024/11/12 v2.9 Span multiple rows of a table
\multirow@colwidth=\skip57
\multirow@cntb=\count336
\multirow@dima=\skip58
\bigstrutjot=\dimen196
)
(/usr/share/texmf-dist/tex/latex/listings/lstlang1.sty
File: lstlang1.sty 2024/09/23 1.10c listings language file
)
(/usr/share/texmf-dist/tex/latex/listings/lstmisc.sty
File: lstmisc.sty 2024/09/23 1.10c (Carsten Heinz)
)
(/usr/share/texmf-dist/tex/latex/l3backend/l3backend-pdftex.def
File: l3backend-pdftex.def 2024-05-08 L3 backend support: PDF output (pdfTeX)
\l__color_backend_stack_int=\count337
\l__pdf_internal_box=\box104
) (./paper.aux)
\openout1 = `paper.aux'.

LaTeX Font Info:    Checking defaults for OML/cmm/m/it on input line 33.
LaTeX Font Info:    ... okay on input line 33.
LaTeX Font Info:    Checking defaults for OMS/cmsy/m/n on input line 33.
LaTeX Font Info:    ... okay on input line 33.
LaTeX Font Info:    Checking defaults for OT1/cmr/m/n on input line 33.
LaTeX Font Info:    ... okay on input line 33.
LaTeX Font Info:    Checking defaults for T1/cmr/m/n on input line 33.
LaTeX Font Info:    ... okay on input line 33.
LaTeX Font Info:    Checking defaults for TS1/cmr/m/n on input line 33.
LaTeX Font Info:    ... okay on input line 33.
LaTeX Font Info:    Checking defaults for OMX/cmex/m/n on input line 33.
LaTeX Font Info:    ... okay on input line 33.
LaTeX Font Info:    Checking defaults for U/cmr/m/n on input line 33.
LaTeX Font Info:    ... okay on input line 33.
LaTeX Font Info:    Checking defaults for PD1/pdf/m/n on input line 33.
LaTeX Font Info:    ... okay on input line 33.
LaTeX Font Info:    Checking defaults for PU/pdf/m/n on input line 33.
LaTeX Font Info:    ... okay on input line 33.

(/usr/share/texmf-dist/tex/context/base/mkii/supp-pdf.mkii
[Loading MPS to PDF converter (version 2006.09.02).]
\scratchcounter=\count338
\scratchdimen=\dimen197
\scratchbox=\box105
\nofMPsegments=\count339
\nofMParguments=\count340
\everyMPshowfont=\toks30
\MPscratchCnt=\count341
\MPscratchDim=\dimen198
\MPnumerator=\count342
\makeMPintoPDFobject=\count343
\everyMPtoPDFconversion=\toks31
) (/usr/share/texmf-dist/tex/latex/epstopdf-pkg/epstopdf-base.sty
Package: epstopdf-base 2020-01-24 v2.11 Base part for package epstopdf
Package epstopdf-base Info: Redefining graphics rule for `.eps' on input line 4
85.

(/usr/share/texmf-dist/tex/latex/latexconfig/epstopdf-sys.cfg
File: epstopdf-sys.cfg 2010/07/13 v1.3 Configuration of (r)epstopdf for TeX Liv
e
))
\c@lstlisting=\count344
Package hyperref Info: Link coloring OFF on input line 33.
 (./paper.out)
(./paper.out)
\@outlinefile=\write3
\openout3 = `paper.out'.

LaTeX Font Info:    Trying to load font information for U+msa on input line 44.

 (/usr/share/texmf-dist/tex/latex/amsfonts/umsa.fd
File: umsa.fd 2013/01/14 v3.01 AMS symbols A
)
LaTeX Font Info:    Trying to load font information for U+msb on input line 44.


(/usr/share/texmf-dist/tex/latex/amsfonts/umsb.fd
File: umsb.fd 2013/01/14 v3.01 AMS symbols B
)

Package hyperref Warning: Token not allowed in a PDF string (Unicode):
(hyperref)                removing `\\' on input line 44.



[1

{/var/lib/texmf/fonts/map/pdftex/updmap/pdftex.map}{/usr/share/texmf-dist/fonts
/enc/dvips/cm-super/cm-super-t1.enc}{/usr/share/texmf-dist/fonts/enc/dvips/cm-s
uper/cm-super-ts1.enc}]
Overfull \hbox (1.75156pt too wide) in paragraph at lines 102--104
[]\T1/cmr/m/n/10 A par-al-lel vari-ant (ZenGEMV-P) with row-parallel de-com-po-
si-tion us-ing man-
 []



[2]
Overfull \hbox (11.6061pt too wide) in paragraph at lines 160--165
[]\T1/cmr/bx/n/10 Peak through-put: $\OT1/cmr/m/n/10 2 [] \OMS/cmsy/m/n/10 ^^B 
\OT1/cmr/m/n/10 4 [] \OMS/cmsy/m/n/10 ^^B \OT1/cmr/m/n/10 2 [] \OMS/cmsy/m/n/10
 ^^B \OT1/cmr/m/n/10 4\OML/cmm/m/it/10 :\OT1/cmr/m/n/10 47 [] = 71\OML/cmm/m/it
/10 :\OT1/cmr/m/n/10 5 []$
 []

<roofline.pdf, id=86, 332.73108pt x 238.78008pt>
File: roofline.pdf Graphic file (type pdf)
<use roofline.pdf>
Package pdftex.def Info: roofline.pdf  used on input line 214.
(pdftex.def)             Requested size: 347.12354pt x 249.11604pt.

Overfull \hbox (2.34668pt too wide) in paragraph at lines 225--230
\T1/cmtt/m/n/10 NBMAX=2048 \T1/cmr/m/n/10 and Haswell-optimized as-sem-bly (\T1
/cmtt/m/n/10 dgemv_t_microk_haswell\T1/cmr/m/n/10 ), which
 []



[3]
Underfull \vbox (badness 6658) has occurred while \output is active []



[4 <./roofline.pdf>]
Package hyperref Info: bookmark level for unknown lstlisting defaults to 0 on i
nput line 271.
LaTeX Font Info:    Font shape `T1/cmtt/bx/n' in size <7> not available
(Font)              Font shape `T1/cmtt/m/n' tried instead on input line 272.


[5]
Overfull \hbox (26.6088pt too wide) in paragraph at lines 355--359
[]\T1/cmr/bx/n/10 Column block-ing: \T1/cmr/m/n/10 The im-ple-men-ta-tion split
s columns into blocks of \T1/cmtt/m/n/10 NBMAX=2048\T1/cmr/m/n/10 ,
 []


Overfull \hbox (14.21043pt too wide) in paragraph at lines 359--365
[]\T1/cmr/bx/n/10 Accumulator strat-egy: \T1/cmr/m/n/10 The Haswell mi-cro-ker-
nel (\T1/cmtt/m/n/10 dgemv_t_microk_haswell\T1/cmr/m/n/10 )
 []



[6]
Overfull \hbox (10.90778pt too wide) in paragraph at lines 413--417
[]\T1/cmr/bx/n/10 BLIS on medium (1T): \T1/cmr/m/n/10 BLIS achieves 23.18 GFLOP
S vs. our 22.35 GFLOPS
 []



[7]
Overfull \hbox (16.09053pt too wide) in paragraph at lines 444--446
[]\T1/cmr/bx/n/10 Compiler: \T1/cmr/m/n/10 GCC 15.2.1 with \T1/cmtt/m/n/10 -O3 
-march=znver3 -mfma -mavx2 -ffast-math
 []


Overfull \hbox (2.49802pt too wide) in paragraph at lines 446--448
[]\T1/cmr/bx/n/10 Libraries: \T1/cmr/m/n/10 Open-BLAS 0.3.31 (sys-tem pack-age)
, BLIS 5.2.0 (built from source
 []

<single_threaded.pdf, id=246, 332.73108pt x 260.46109pt>
File: single_threaded.pdf Graphic file (type pdf)
<use single_threaded.pdf>
Package pdftex.def Info: single_threaded.pdf  used on input line 481.
(pdftex.def)             Requested size: 347.12354pt x 271.73557pt.

Underfull \hbox (badness 6910) in paragraph at lines 484--484
[]\T1/cmr/bx/n/9 Fig.2. []\T1/cmr/m/n/9 Single-threaded GEMV per-for-mance com-
par-i-son. An-no-ta-tions above
 []


Overfull \hbox (8.26822pt too wide) in paragraph at lines 519--523
\T1/cmr/m/n/10 Open-BLAS, $\OT1/cmr/m/n/10 1\OML/cmm/m/it/10 :\OT1/cmr/m/n/10 2
3\OMS/cmsy/m/n/10 ^^B$ \T1/cmr/m/n/10 over BLIS). The dual-accumulator ad-van-t
age is clearly visible---
 []



[8]
<multi_threaded.pdf, id=260, 332.73108pt x 260.46109pt>
File: multi_threaded.pdf Graphic file (type pdf)
<use multi_threaded.pdf>
Package pdftex.def Info: multi_threaded.pdf  used on input line 540.
(pdftex.def)             Requested size: 347.12354pt x 271.73557pt.


[9 <./single_threaded.pdf>]
Overfull \hbox (3.55144pt too wide) in paragraph at lines 584--587
[]\T1/cmr/bx/n/10 Medium/Wide/Tall: \T1/cmr/m/n/10 These L3-resident sizes show
 com-pet-i-tive per-for-mance
 []



[10]

[11 <./multi_threaded.pdf>]

[12]
Underfull \hbox (badness 2027) in paragraph at lines 726--729
[]\T1/cmr/m/n/9 Cozma, G.: Mea-sur-ing Zen 3's bot-tle-necks. Chips and Cheese,
 []$\T1/cmtt/m/n/9 https : / /
 []



[13] (./paper.aux)
 ***********
LaTeX2e <2024-11-01> patch level 2
L3 programming layer <2025-01-18>
 ***********
Package rerunfilecheck Info: File `paper.out' has not changed.
(rerunfilecheck)             Checksum: 27DF84053C4C8206A07CA82D0AB737FA;473.
 ) 
Here is how much of TeX's memory you used:
 12952 strings out of 475136
 188752 string characters out of 5766291
 897606 words of memory out of 5000000
 35677 multiletter control sequences out of 15000+600000
 574844 words of font info for 76 fonts, out of 8000000 for 9000
 34 hyphenation exceptions out of 8191
 75i,10n,79p,513b,1963s stack positions out of 10000i,1000n,20000p,200000b,200000s
</usr/share/texmf-dist/fonts/type1/public/amsfonts/cm/cmbx10.pfb></usr/share/
texmf-dist/fonts/type1/public/amsfonts/cm/cmbx9.pfb></usr/share/texmf-dist/font
s/type1/public/amsfonts/cm/cmmi10.pfb></usr/share/texmf-dist/fonts/type1/public
/amsfonts/cm/cmmi7.pfb></usr/share/texmf-dist/fonts/type1/public/amsfonts/cm/cm
mi9.pfb></usr/share/texmf-dist/fonts/type1/public/amsfonts/cm/cmr10.pfb></usr/s
hare/texmf-dist/fonts/type1/public/amsfonts/cm/cmr7.pfb></usr/share/texmf-dist/
fonts/type1/public/amsfonts/cm/cmr9.pfb></usr/share/texmf-dist/fonts/type1/publ
ic/amsfonts/cm/cmsy10.pfb></usr/share/texmf-dist/fonts/type1/public/amsfonts/cm
/cmsy7.pfb></usr/share/texmf-dist/fonts/type1/public/amsfonts/cm/cmsy9.pfb></us
r/share/texmf-dist/fonts/type1/public/amsfonts/symbols/msbm10.pfb></usr/share/t
exmf-dist/fonts/type1/public/cm-super/sfbx0900.pfb></usr/share/texmf-dist/fonts
/type1/public/cm-super/sfbx1000.pfb></usr/share/texmf-dist/fonts/type1/public/c
m-super/sfbx1200.pfb></usr/share/texmf-dist/fonts/type1/public/cm-super/sfbx144
0.pfb></usr/share/texmf-dist/fonts/type1/public/cm-super/sfrm0500.pfb></usr/sha
re/texmf-dist/fonts/type1/public/cm-super/sfrm0700.pfb></usr/share/texmf-dist/f
onts/type1/public/cm-super/sfrm0900.pfb></usr/share/texmf-dist/fonts/type1/publ
ic/cm-super/sfrm1000.pfb></usr/share/texmf-dist/fonts/type1/public/cm-super/sft
i1000.pfb></usr/share/texmf-dist/fonts/type1/public/cm-super/sftt0800.pfb></usr
/share/texmf-dist/fonts/type1/public/cm-super/sftt0900.pfb></usr/share/texmf-di
st/fonts/type1/public/cm-super/sftt1000.pfb>
Output written on paper.pdf (13 pages, 504190 bytes).
PDF statistics:
 572 PDF objects out of 1000 (max. 8388607)
 304 compressed objects within 4 object streams
 105 named destinations out of 1000 (max. 500000)
 24 words of extra memory for PDF output out of 10000 (max. 10000000)

